  MyForm.cpp
C:\Users\User\Desktop\ФЕІ-15\АтаП осінь2021\Виконане\13\Project1\Project1\MyForm.h(536,110): warning C4244: 'argument': conversion from 'double' to 'int', possible loss of data
C:\Users\User\Desktop\ФЕІ-15\АтаП осінь2021\Виконане\13\Project1\Project1\MyForm.h(536,55): warning C4244: 'argument': conversion from 'double' to 'int', possible loss of data
C:\Users\User\Desktop\ФЕІ-15\АтаП осінь2021\Виконане\13\Project1\Project1\MyForm.h(537,110): warning C4244: 'argument': conversion from 'double' to 'int', possible loss of data
C:\Users\User\Desktop\ФЕІ-15\АтаП осінь2021\Виконане\13\Project1\Project1\MyForm.h(537,55): warning C4244: 'argument': conversion from 'double' to 'int', possible loss of data
C:\Users\User\Desktop\ФЕІ-15\АтаП осінь2021\Виконане\13\Project1\Project1\MyForm.h(542,102): warning C4244: 'argument': conversion from 'double' to 'int', possible loss of data
C:\Users\User\Desktop\ФЕІ-15\АтаП осінь2021\Виконане\13\Project1\Project1\MyForm.h(542,52): warning C4244: 'argument': conversion from 'double' to 'int', possible loss of data
C:\Users\User\Desktop\ФЕІ-15\АтаП осінь2021\Виконане\13\Project1\Project1\MyForm.h(543,102): warning C4244: 'argument': conversion from 'double' to 'int', possible loss of data
C:\Users\User\Desktop\ФЕІ-15\АтаП осінь2021\Виконане\13\Project1\Project1\MyForm.h(543,52): warning C4244: 'argument': conversion from 'double' to 'int', possible loss of data
C:\Users\User\Desktop\ФЕІ-15\АтаП осінь2021\Виконане\13\Project1\Project1\MyForm.h(553,159): warning C4244: 'argument': conversion from 'double' to 'float', possible loss of data
C:\Users\User\Desktop\ФЕІ-15\АтаП осінь2021\Виконане\13\Project1\Project1\MyForm.h(553,113): warning C4244: 'argument': conversion from 'int' to 'float', possible loss of data
C:\Users\User\Desktop\ФЕІ-15\АтаП осінь2021\Виконане\13\Project1\Project1\MyForm.h(554,140): warning C4244: 'argument': conversion from 'double' to 'float', possible loss of data
C:\Users\User\Desktop\ФЕІ-15\АтаП осінь2021\Виконане\13\Project1\Project1\MyForm.h(559,96): warning C4244: 'argument': conversion from 'double' to 'int', possible loss of data
C:\Users\User\Desktop\ФЕІ-15\АтаП осінь2021\Виконане\13\Project1\Project1\MyForm.h(559,66): warning C4244: 'argument': conversion from 'double' to 'int', possible loss of data
C:\Users\User\Desktop\ФЕІ-15\АтаП осінь2021\Виконане\13\Project1\Project1\MyForm.h(559,36): warning C4244: 'argument': conversion from 'double' to 'int', possible loss of data
C:\Users\User\Desktop\ФЕІ-15\АтаП осінь2021\Виконане\13\Project1\Project1\MyForm.h(560,97): warning C4244: 'argument': conversion from 'double' to 'int', possible loss of data
C:\Users\User\Desktop\ФЕІ-15\АтаП осінь2021\Виконане\13\Project1\Project1\MyForm.h(560,67): warning C4244: 'argument': conversion from 'double' to 'int', possible loss of data
C:\Users\User\Desktop\ФЕІ-15\АтаП осінь2021\Виконане\13\Project1\Project1\MyForm.h(560,33): warning C4244: 'argument': conversion from 'double' to 'int', possible loss of data
C:\Users\User\Desktop\ФЕІ-15\АтаП осінь2021\Виконане\13\Project1\Project1\MyForm.h(564,108): warning C4244: 'argument': conversion from 'double' to 'int', possible loss of data
C:\Users\User\Desktop\ФЕІ-15\АтаП осінь2021\Виконане\13\Project1\Project1\MyForm.h(564,71): warning C4244: 'argument': conversion from 'double' to 'int', possible loss of data
C:\Users\User\Desktop\ФЕІ-15\АтаП осінь2021\Виконане\13\Project1\Project1\MyForm.h(564,34): warning C4244: 'argument': conversion from 'double' to 'int', possible loss of data
  MyForm.obj : MSIL module encountered; incremental linking is disabled for MSIL; performing full link
  Project1.vcxproj -> C:\Users\User\Desktop\ФЕІ-15\АтаП осінь2021\Виконане\13\Project1\Debug\Project1.exe
